<?xml version="1.0" encoding="UTF-8"?>
<testng-results skipped="0" failed="0" total="1" passed="1">
  <reporter-output>
  </reporter-output>
  <suite name="Default suite" duration-ms="42228" started-at="2017-05-20T18:53:56Z" finished-at="2017-05-20T18:54:38Z">
    <groups>
    </groups>
    <test name="TEst1" duration-ms="42228" started-at="2017-05-20T18:53:56Z" finished-at="2017-05-20T18:54:38Z">
      <class name="com.automation.eCom.scripts.Register">
        <test-method status="PASS" signature="launchBrowser(java.lang.String)[pri:0, instance:com.automation.eCom.scripts.Register@1a4013]" name="launchBrowser" is-config="true" duration-ms="20082" started-at="2017-05-20T14:53:56Z" finished-at="2017-05-20T14:54:16Z">
          <params>
            <param index="0">
              <value>
                <![CDATA[FF]]>
              </value>
            </param>
          </params>
          <reporter-output>
          </reporter-output>
        </test-method> <!-- launchBrowser -->
        <test-method status="PASS" signature="executeTest()[pri:0, instance:com.automation.eCom.scripts.Register@1a4013]" name="executeTest" duration-ms="20609" started-at="2017-05-20T14:54:16Z" finished-at="2017-05-20T14:54:37Z">
          <reporter-output>
          </reporter-output>
        </test-method> <!-- executeTest -->
        <test-method status="PASS" signature="closeBrowser()[pri:0, instance:com.automation.eCom.scripts.Register@1a4013]" name="closeBrowser" is-config="true" duration-ms="1515" started-at="2017-05-20T14:54:37Z" finished-at="2017-05-20T14:54:38Z">
          <reporter-output>
          </reporter-output>
        </test-method> <!-- closeBrowser -->
      </class> <!-- com.automation.eCom.scripts.Register -->
    </test> <!-- TEst1 -->
  </suite> <!-- Default suite -->
</testng-results>
